[23:13:14] [main/WARN]: Ambiguity between arguments [teleport, destination] and [teleport, targets] with inputs: [Player, 0123, @e, dd12be42-52a9-4a91-a8a1-11c01849e498]
[23:13:14] [main/WARN]: Ambiguity between arguments [teleport, location] and [teleport, destination] with inputs: [0.1 -0.5 .9, 0 0 0]
[23:13:14] [main/WARN]: Ambiguity between arguments [teleport, location] and [teleport, targets] with inputs: [0.1 -0.5 .9, 0 0 0]
[23:13:14] [main/WARN]: Ambiguity between arguments [teleport, targets] and [teleport, destination] with inputs: [Player, 0123, dd12be42-52a9-4a91-a8a1-11c01849e498]
[23:13:14] [main/WARN]: Ambiguity between arguments [teleport, targets, location] and [teleport, targets, destination] with inputs: [0.1 -0.5 .9, 0 0 0]
[23:13:14] [Server thread/INFO]: Starting minecraft server version 1.15.2
[23:13:14] [Server thread/INFO]: Loading properties
[23:13:14] [Server thread/INFO]: Default game type: SURVIVAL
[23:13:14] [Server thread/INFO]: Generating keypair
[23:13:14] [Server thread/INFO]: Starting Minecraft server on *:25565
[23:13:14] [Server thread/INFO]: Using epoll channel type
[23:13:15] [Server thread/INFO]: Preparing level "world"
[23:13:15] [Server thread/INFO]: Reloading ResourceManager: Default
[23:14:03] [Server thread/INFO]: Loaded 6 recipes
[23:14:03] [Server thread/INFO]: Loaded 825 advancements
[23:14:04] [Server thread/INFO]: Preparing start region for dimension minecraft:overworld
[23:14:06] [Server thread/INFO]: Preparing spawn area: 0%
[23:14:06] [Server thread/INFO]: Preparing spawn area: 0%
[23:14:06] [Server thread/INFO]: Preparing spawn area: 0%
[23:14:06] [Server thread/INFO]: Preparing spawn area: 0%
[23:14:06] [Server-Worker-1/INFO]: Preparing spawn area: 0%
[23:14:06] [Server-Worker-1/INFO]: Preparing spawn area: 25%
[23:14:10] [Server-Worker-1/INFO]: Preparing spawn area: 72%
[23:14:10] [Server-Worker-1/INFO]: Preparing spawn area: 72%
[23:14:10] [Server-Worker-1/INFO]: Preparing spawn area: 72%
[23:14:10] [Server-Worker-1/INFO]: Preparing spawn area: 72%
[23:14:10] [Server-Worker-1/INFO]: Preparing spawn area: 72%
[23:14:10] [Server thread/INFO]: Preparing spawn area: 72%
[23:14:10] [Server thread/INFO]: Preparing spawn area: 72%
[23:14:10] [Server-Worker-1/INFO]: Preparing spawn area: 99%
[23:14:11] [Server-Worker-1/INFO]: Preparing spawn area: 99%
[23:14:11] [Server-Worker-1/INFO]: Preparing spawn area: 99%
[23:14:12] [Server thread/INFO]: Preparing spawn area: 99%
[23:14:12] [Server thread/INFO]: Time elapsed: 8676 ms
[23:14:12] [Server thread/INFO]: Done (57.640s)! For help, type "help"
[23:14:18] [User Authenticator #1/INFO]: UUID of player GrayMan1321 is fab9f7c5-2150-4d54-8dd8-8310ffdae833
[23:14:18] [Server thread/INFO]: GrayMan1321[/173.24.206.110:59377] logged in with entity id 195 at (166.42687150203818, 51.0, -28.7709567661186)
[23:14:18] [Server thread/INFO]: GrayMan1321 joined the game
[23:14:40] [Server thread/INFO]: GrayMan1321 was burnt to a crisp whilst fighting Zombie Pigman
[23:15:18] [Server thread/INFO]: Villager axw['Leatherworker'/347, l='world', x=-242.44, y=65.77, z=-403.49] died, message: 'Leatherworker was shot by Pillager'
[23:15:49] [Server thread/INFO]: Villager axw['Mason'/344, l='world', x=-245.07, y=65.00, z=-394.55] died, message: 'Mason was shot by Pillager'
[23:17:12] [User Authenticator #2/INFO]: UUID of player Mcjakerz144 is 13b66d13-7841-4b30-af1d-83916c60dd4c
[23:17:12] [Server thread/INFO]: Mcjakerz144[/207.32.20.133:65351] logged in with entity id 829 at (168.20153175999073, 51.0, -27.463251167375446)
[23:17:12] [Server thread/INFO]: Mcjakerz144 joined the game
[23:17:24] [Server thread/INFO]: Mcjakerz144 tried to swim in lava
[23:17:47] [Server thread/INFO]: Mcjakerz144 lost connection: Disconnected
[23:17:47] [Server thread/INFO]: Mcjakerz144 left the game
[23:17:49] [User Authenticator #3/INFO]: UUID of player Mcjakerz144 is 13b66d13-7841-4b30-af1d-83916c60dd4c
[23:17:49] [Server thread/INFO]: Mcjakerz144[/207.32.20.133:65373] logged in with entity id 1064 at (-272.8056716747557, 65.0, -399.7331232735531)
[23:17:49] [Server thread/INFO]: Mcjakerz144 joined the game
[23:27:46] [Server thread/INFO]: Mcjakerz144 has completed the challenge [Return to Sender]
[23:28:24] [Server thread/INFO]: GrayMan1321 has completed the challenge [Return to Sender]
[23:32:58] [Server thread/INFO]: <Mcjakerz144> penis
[23:44:09] [Server console handler/ERROR]: Exception handling console input
java.io.IOException: Input/output error
	at java.io.FileInputStream.readBytes(Native Method) ~[?:?]
	at java.io.FileInputStream.read(FileInputStream.java:279) ~[?:?]
	at java.io.BufferedInputStream.read1(BufferedInputStream.java:290) ~[?:?]
	at java.io.BufferedInputStream.read(BufferedInputStream.java:351) ~[?:?]
	at sun.nio.cs.StreamDecoder.readBytes(StreamDecoder.java:284) ~[?:?]
	at sun.nio.cs.StreamDecoder.implRead(StreamDecoder.java:326) ~[?:?]
	at sun.nio.cs.StreamDecoder.read(StreamDecoder.java:178) ~[?:?]
	at java.io.InputStreamReader.read(InputStreamReader.java:185) ~[?:?]
	at java.io.BufferedReader.fill(BufferedReader.java:161) ~[?:?]
	at java.io.BufferedReader.readLine(BufferedReader.java:326) ~[?:?]
	at java.io.BufferedReader.readLine(BufferedReader.java:392) ~[?:?]
	at wd$2.run(SourceFile:110) [server.jar:?]
[23:44:09] [Server thread/INFO]: Stopping server
[23:44:09] [Server thread/INFO]: Saving players
[23:44:09] [Server thread/INFO]: Saving worlds
[23:44:09] [Server thread/INFO]: Saving chunks for level 'world'/minecraft:the_end
[23:44:09] [Server thread/INFO]: ThreadedAnvilChunkStorage (DIM1): All chunks are saved
[23:44:09] [Server thread/INFO]: Saving chunks for level 'world'/minecraft:the_nether
[23:44:09] [Server thread/INFO]: ThreadedAnvilChunkStorage (DIM-1): All chunks are saved
[23:44:09] [Server thread/INFO]: Saving chunks for level 'world'/minecraft:overworld
[23:44:11] [Server thread/INFO]: ThreadedAnvilChunkStorage (world): All chunks are saved
[23:44:11] [Server thread/INFO]: ThreadedAnvilChunkStorage (DIM1): All chunks are saved
[23:44:11] [Server thread/INFO]: ThreadedAnvilChunkStorage (DIM-1): All chunks are saved
[23:44:11] [Server thread/INFO]: ThreadedAnvilChunkStorage (world): All chunks are saved
